\BOOKMARK [1][-]{section.1}{\376\377\000D\000i\000f\000f\000e\000r\000e\000n\000c\000i\000\341\000l\000e\000g\000y\000e\000n\000l\000e\000t\000e\000k}{}% 1
\BOOKMARK [2][-]{subsection.1.1}{\376\377\000K\000\366\000z\000\366\000n\000s\000\351\000g\000e\000s\000\040\000d\000i\000f\000f\000e\000r\000e\000n\000c\000i\000\341\000l\000e\000g\000y\000e\000n\000l\000e\000t\000\040\000m\000e\000g\000o\000l\000d\000\341\000s\000\341\000n\000a\000k\000\040\000l\000\351\000t\000e\000z\000\351\000s\000e\000\040\000\351\000s\000\040\000e\000g\000y\000\351\000r\000t\000e\000l\000m\001\161\000s\000\351\000g\000e}{section.1}% 2
\BOOKMARK [3][-]{subsubsection.1.1.1}{\376\377\000M\000i\000t\001\121\000l\000\040\000l\000e\000s\000z\000\040\000a\000\040\000m\000e\000g\000o\000l\000d\000\341\000s\000\040\000e\000g\000y\000\351\000r\000t\000e\000l\000m\001\161\000?}{subsection.1.1}% 3
\BOOKMARK [1][-]{section.2}{\376\377\000A\000\040\000H\000i\000l\000b\000e\000r\000t\000\040\000t\000\351\000r\000\040\000g\000e\000o\000m\000e\000t\000r\000i\000\341\000j\000a\000,\000\040\000F\000o\000u\000r\000i\000e\000r\000\040\000s\000o\000r\000f\000e\000j\000t\000\351\000s}{}% 4
\BOOKMARK [2][-]{subsection.2.1}{\376\377\000O\000r\000t\000o\000g\000o\000n\000\341\000l\000i\000s\000\040\000k\000i\000e\000g\000\351\000s\000z\000\355\000t\001\121\000\040\000a\000l\000t\000\351\000r}{section.2}% 5
\BOOKMARK [3][-]{subsubsection.2.1.1}{\376\377\000O\000r\000t\000o\000g\000o\000n\000\341\000l\000i\000s\000\040\000r\000e\000n\000d\000s\000z\000e\000r\000e\000k}{subsection.2.1}% 6
\BOOKMARK [3][-]{subsubsection.2.1.2}{\376\377\000O\000r\000t\000o\000g\000o\000n\000\341\000l\000i\000s\000\040\000s\000o\000r\000o\000k\000,\000\040\000F\000o\000u\000r\000i\000e\000r\000-\000s\000o\000r\000o\000k}{subsection.2.1}% 7
\BOOKMARK [2][-]{subsection.2.2}{\376\377\000L\000i\000n\000e\000\341\000r\000i\000s\000\040\000\351\000s\000\040\000k\000o\000r\000l\000\341\000t\000o\000s\000\040\000o\000p\000e\000r\000\341\000t\000o\000r\000o\000k}{section.2}% 8
\BOOKMARK [3][-]{subsubsection.2.2.1}{\376\377\000K\000o\000r\000l\000\341\000t\000o\000s\000\040\000l\000i\000n\000e\000\341\000r\000i\000s\000\040\000f\000u\000n\000k\000c\000i\000o\000n\000\341\000l\000o\000k\000,\000\040\000d\000u\000\341\000l\000i\000s\000\040\000t\000\351\000r\000\040\000\050\000H\000i\000l\000b\000e\000r\000t\000\040\000t\000\351\000r\000\040\000e\000s\000e\000t\000\351\000n\000\051}{subsection.2.2}% 9
\BOOKMARK [4][-]{paragraph.2.2.1.1}{\376\377\000K\000o\000r\000l\000\341\000t\000o\000s\000\040\000l\000i\000n\000e\000\341\000r\000i\000s\000\040\000f\000u\000n\000k\000c\000i\000o\000n\000\341\000l\000o\000k}{subsubsection.2.2.1}% 10
\BOOKMARK [4][-]{paragraph.2.2.1.2}{\376\377\000D\000u\000\341\000l\000i\000s\000\040\000\050\000k\000o\000n\000j\000u\000g\000\341\000l\000t\000\051\000\040\000t\000\351\000r}{subsubsection.2.2.1}% 11
\BOOKMARK [4][-]{paragraph.2.2.1.3}{\376\377\000X\000'\000'\000\040\000t\000\351\000r\000,\000\040\000m\000\341\000s\000\040\000s\000z\000\363\000v\000a\000l\000\040\000b\000i\000d\000u\000\341\000l\000i\000s\000,\000\040\000r\000e\000f\000l\000e\000x\000\355\000v\000\040\000t\000\351\000r}{subsubsection.2.2.1}% 12
\BOOKMARK [3][-]{subsubsection.2.2.2}{\376\377\000G\000y\000e\000n\000g\000e\000\040\000k\000o\000n\000v\000e\000r\000g\000e\000n\000c\000i\000a}{subsection.2.2}% 13
\BOOKMARK [3][-]{subsubsection.2.2.3}{\376\377\000G\000y\000e\000n\000g\000e\000\040\000k\000o\000n\000v\000e\000r\000g\000e\000n\000c\000i\000a\000\040\000X\000-\000b\000e\000n}{subsection.2.2}% 14
\BOOKMARK [4][-]{paragraph.2.2.3.1}{\376\377\000I\000n\000v\000e\000r\000z\000\040\000o\000p\000e\000r\000\341\000t\000o\000r}{subsubsection.2.2.3}% 15
\BOOKMARK [4][-]{paragraph.2.2.3.2}{\376\377\000Z\000\341\000r\000t\000\040\000g\000r\000\341\000f\000\040\000\050\000g\000r\000a\000f\000i\000k\000o\000n\000\051\000\040\000t\000\351\000t\000e\000l}{subsubsection.2.2.3}% 16
\BOOKMARK [2][-]{subsection.2.3}{\376\377\000S\000a\000j\000\341\000t\000\351\000r\000t\000\351\000k\000,\000\040\000r\000e\000g\000u\000l\000\341\000r\000i\000s\000\040\000\351\000r\000t\000\351\000k\000,\000\040\000s\000p\000e\000k\000t\000r\000u\000m}{section.2}% 17
\BOOKMARK [3][-]{subsubsection.2.3.1}{\376\377\000K\000o\000r\000l\000\341\000t\000o\000s\000\040\000l\000i\000n\000e\000\341\000r\000i\000s\000\040\000o\000p\000e\000r\000\341\000t\000o\000r\000o\000k\000\040\000r\000e\000g\000u\000l\000\341\000r\000i\000s\000\040\000\351\000r\000t\000\351\000k\000e\000i}{subsection.2.3}% 18
\BOOKMARK [3][-]{subsubsection.2.3.2}{\376\377\000P\000\351\000l\000d\000\341\000k\000,\000\040\000a\000l\000k\000a\000l\000m\000a\000z\000\341\000s\000o\000k}{subsection.2.3}% 19
\BOOKMARK [4][-]{paragraph.2.3.2.1}{\376\377\000A\000\040\000n\000\351\000g\000y\000z\000e\000t\000e\000s\000e\000n\000\040\000i\000n\000t\000e\000g\000r\000\341\000l\000h\000a\000t\000\363\000\040\000m\000a\000g\000\372\000\040\000i\000n\000t\000e\000g\000r\000\341\000l\000o\000p\000e\000r\000\341\000t\000o\000r\000o\000k\000.}{subsubsection.2.3.2}% 20
\BOOKMARK [4][-]{paragraph.2.3.2.2}{\376\377\000F\000o\000l\000y\000t\000o\000n\000o\000s\000\040\000m\000a\000g\000\372\000\040\000i\000n\000t\000e\000g\000r\000\341\000l\000o\000p\000e\000r\000\341\000t\000o\000r\000o\000k\000.}{subsubsection.2.3.2}% 21
\BOOKMARK [4][-]{paragraph.2.3.2.3}{\376\377\000E\000g\000y\000\040\000s\000p\000e\000c\000i\000\341\000l\000i\000s\000\040\000e\000s\000e\000t}{subsubsection.2.3.2}% 22
\BOOKMARK [1][-]{section.3}{\376\377\000H\000i\000l\000b\000e\000r\000t\000\040\000t\000\351\000r\000\040\000o\000p\000e\000r\000\341\000t\000o\000r\000a\000i}{}% 23
\BOOKMARK [2][-]{subsection.3.1}{\376\377\000A\000z\000\040\000a\000d\000j\000u\000n\000g\000\341\000l\000t\000\040\000o\000p\000e\000r\000\341\000t\000o\000r}{section.3}% 24
\BOOKMARK [3][-]{subsubsection.3.1.1}{\376\377\000N\000\351\000g\000y\000z\000e\000t\000e\000s\000e\000n\000\040\000i\000n\000t\000e\000g\000r\000\341\000l\000h\000a\000t\000\363\000\040\000m\000a\000g\000\372\000\040\000i\000n\000t\000e\000g\000r\000\341\000l\000\040\000o\000p\000e\000r\000\341\000t\000o\000r\000o\000k\000\040\000v\000a\000l\000\363\000s\000\040\000v\000a\000g\000y\000\040\000k\000o\000m\000p\000l\000e\000x\000\040\000f\000\374\000g\000g\000v\000\351\000n\000y\000e\000k\000e\000n}{subsection.3.1}% 25
\BOOKMARK [3][-]{subsubsection.3.1.2}{\376\377\000S\000z\000i\000m\000m\000e\000t\000r\000i\000k\000u\000s\000\040\000\351\000s\000\040\000\366\000n\000a\000d\000j\000u\000n\000g\000\341\000l\000t\000\040\000o\000p\000e\000r\000\341\000t\000o\000r\000o\000k}{subsection.3.1}% 26
\BOOKMARK [3][-]{subsubsection.3.1.3}{\376\377\000I\000z\000o\000m\000e\000t\000r\000i\000k\000u\000s\000\040\000\351\000s\000\040\000u\000n\000i\000t\000\351\000r\000\040\000o\000p\000e\000r\000\341\000t\000o\000r\000o\000k}{subsection.3.1}% 27
\BOOKMARK [3][-]{subsubsection.3.1.4}{\376\377\000V\000\351\000g\000e\000s\000\040\000r\000e\000n\000d\001\161\000\040\000o\000p\000e\000r\000\341\000t\000o\000r\000o\000k}{subsection.3.1}% 28
\BOOKMARK [2][-]{subsection.3.2}{\376\377\000A\000\040\000m\000\341\000s\000o\000d\000f\000a\000j\000\372\000\040\000e\000g\000y\000e\000n\000l\000e\000t\000\040\000v\000\351\000g\000e\000s\000\040\000r\000e\000n\000d\001\161\000\040\000o\000p\000e\000r\000\341\000t\000o\000r\000o\000k\000r\000a}{section.3}% 29
\BOOKMARK [3][-]{subsubsection.3.2.1}{\376\377\000K\000o\000m\000p\000a\000k\000t\000\040\000\050\000t\000e\000l\000j\000e\000s\000e\000n\000\040\000f\000o\000l\000y\000t\000o\000n\000o\000s\000\051\000\040\000o\000p\000e\000r\000\341\000t\000o\000r\000o\000k}{subsection.3.2}% 30
\BOOKMARK [3][-]{subsubsection.3.2.2}{\376\377\000M\000\341\000s\000o\000d\000f\000a\000j\000\372\000\040\000e\000g\000y\000e\000n\000l\000e\000t\000\040\000k\000o\000m\000p\000a\000k\000t\000\040\000o\000p\000e\000r\000\341\000t\000o\000r\000o\000k\000r\000a}{subsection.3.2}% 31
\BOOKMARK [3][-]{subsubsection.3.2.3}{\376\377\000\326\000n\000a\000d\000j\000u\000n\000g\000\341\000l\000t\000\040\000k\000o\000m\000p\000a\000k\000t\000\040\000o\000p\000e\000r\000\341\000t\000o\000r\000o\000k}{subsection.3.2}% 32
