\BOOKMARK [1][-]{section.1}{\376\377\000B\000i\000n\000o\000m\000i\000\341\000l\000i\000s\000\040\000s\000o\000r}{}% 1
\BOOKMARK [2][-]{subsection.1.1}{\376\377\000T\000a\000y\000l\000o\000r\000\040\000f\000o\000r\000m\000u\000l\000a\000\040\000t\000\366\000b\000b\000v\000\341\000l\000t\000o\000z\000\363\000s\000\040\000f\000\374\000g\000g\000v\000\351\000n\000y\000e\000k\000r\000e}{section.1}% 2
\BOOKMARK [2][-]{subsection.1.2}{\376\377\000T\000\366\000b\000b\000v\000\341\000l\000t\000o\000z\000\363\000s\000\040\000f\000\374\000g\000g\000v\000\351\000n\000y\000e\000k\000\040\000l\000o\000k\000\341\000l\000i\000s\000\040\000s\000z\000\351\000l\000s\001\121\000\351\000r\000t\000\351\000k\000e}{section.1}% 3
\BOOKMARK [2][-]{subsection.1.3}{\376\377\000I\000m\000p\000l\000i\000c\000i\000t\000\040\000f\000\374\000g\000g\000v\000\351\000n\000y\000t\000\351\000t\000e\000l}{section.1}% 4
\BOOKMARK [3][-]{subsubsection.1.3.1}{\376\377\000A\000\040\000t\000\351\000t\000e\000l\000\040\000\341\000l\000t\000a\000l\000\341\000n\000o\000s\000\355\000t\000\341\000s\000a\000\040\000\134\000l\000e\000f\000t\000.\000\040\000\134\000P\000h\000i\000:\000\173\000\134\000m\000a\000t\000h\000b\000b\000\173\000R\000\175\000\175\000\136\000\173\000n\000\175\000\040\000\134\000t\000i\000m\000e\000s\000\040\000\173\000\134\000m\000a\000t\000h\000b\000b\000\173\000R\000\175\000\175\000\136\000\173\000m\000\175\000\134\000r\000i\000g\000h\000t\000a\000r\000r\000o\000w\000\173\000\134\000m\000a\000t\000h\000b\000b\000\173\000R\000\175\000\175\000\136\000\173\000m\000\175\000\040\000\134\000r\000i\000g\000h\000t\000.\000\040\000f\000\374\000g\000g\000v\000\351\000n\000y\000e\000k\000r\000e\000:}{subsection.1.3}% 5
\BOOKMARK [3][-]{subsubsection.1.3.2}{\376\377\000I\000n\000v\000e\000r\000z\000\040\000f\000\374\000g\000g\000v\000\351\000n\000y\000\040\000t\000\351\000t\000e\000l}{subsection.1.3}% 6
\BOOKMARK [2][-]{subsection.1.4}{\376\377\000F\000e\000l\000t\000\351\000t\000e\000l\000e\000s\000\040\000s\000z\000\351\000l\000s\001\121\000\351\000r\000t\000\351\000k}{section.1}% 7
\BOOKMARK [1][-]{section.2}{\376\377\000V\000o\000n\000a\000l\000i\000n\000t\000e\000g\000r\000\341\000l}{}% 8
\BOOKMARK [2][-]{subsection.2.1}{\376\377\000F\000o\000l\000y\000t\000o\000n\000o\000s\000a\000n\000\040\000d\000i\000f\000f\000e\000r\000e\000n\000c\000i\000\341\000l\000h\000a\000t\000\363\000\040\000\372\000t\000,\000\040\000i\000l\000l\000e\000t\000v\000e\000\040\000g\000\366\000r\000b\000e\000,\000\040\000\355\000v\000h\000o\000s\000s\000z\000\040\000k\000i\000s\000z\000\341\000m\000\355\000t\000\341\000s\000a}{section.2}% 9
\BOOKMARK [2][-]{subsection.2.2}{\376\377\000A\000\040\000v\000o\000n\000a\000l\000i\000n\000t\000e\000g\000r\000\341\000l\000\040\000a\000l\000a\000p\000t\000u\000l\000a\000j\000d\000o\000n\000s\000\341\000g\000a\000i}{section.2}% 10
\BOOKMARK [2][-]{subsection.2.3}{\376\377\000A\000\040\000v\000o\000n\000a\000l\000i\000n\000t\000e\000g\000r\000\341\000l\000\040\000\372\000t\000t\000\363\000l\000\040\000v\000a\000l\000\363\000\040\000f\000\374\000g\000g\000e\000t\000l\000e\000n\000s\000\351\000g\000e}{section.2}% 11
\BOOKMARK [2][-]{subsection.2.4}{\376\377\000P\000a\000r\000a\000m\000\351\000t\000e\000r\000e\000s\000\040\000i\000n\000t\000e\000g\000r\000\341\000l\000o\000k}{section.2}% 12
\BOOKMARK [3][-]{subsubsection.2.4.1}{\376\377\000A\000\040\000v\000o\000n\000a\000l\000i\000n\000t\000e\000g\000r\000\341\000l\000r\000\363\000l\000\040\000s\000z\000\363\000l\000\363\000\040\000t\000\351\000t\000e\000l\000\040\000b\000i\000z\000o\000n\000y\000\355\000t\000\341\000s\000a}{subsection.2.4}% 13
\BOOKMARK [1][-]{section.3}{\376\377\000K\000o\000m\000p\000l\000e\000x\000\040\000f\000\374\000g\000g\000v\000\351\000n\000y\000t\000a\000n}{}% 14
\BOOKMARK [2][-]{subsection.3.1}{\376\377\000A\000\040\000k\000o\000m\000p\000l\000e\000x\000\040\000d\000i\000f\000f\000e\000r\000e\000n\000c\000i\000\341\000l\000h\000a\000t\000\363\000s\000\341\000g\000\040\000s\000z\000\374\000k\000s\000\351\000g\000e\000s\000\040\000f\000e\000l\000t\000\351\000t\000e\000l\000e}{section.3}% 15
\BOOKMARK [2][-]{subsection.3.2}{\376\377\000A\000\040\000C\000a\000u\000c\000h\000y\000\040\000a\000l\000a\000p\000t\000\351\000t\000e\000l\000\040\000k\000\366\000z\000v\000e\000t\000l\000e\000n\000\040\000k\000\366\000v\000e\000t\000k\000e\000z\000m\000\351\000n\000y\000e\000i}{section.3}% 16
\BOOKMARK [3][-]{subsubsection.3.2.1}{\376\377\000C\000a\000u\000c\000h\000y\000-\000f\000\351\000l\000e\000\040\000i\000n\000t\000e\000g\000r\000\341\000l\000f\000o\000r\000m\000u\000l\000a}{subsection.3.2}% 17
\BOOKMARK [3][-]{subsubsection.3.2.2}{\376\377\000C\000a\000u\000c\000h\000y\000-\000t\000\355\000p\000u\000s\000\372\000\040\000i\000n\000t\000e\000g\000r\000\341\000l}{subsection.3.2}% 18
\BOOKMARK [2][-]{subsection.3.3}{\376\377\000A\000\040\000p\000r\000i\000m\000i\000t\000\355\000v\000\040\000f\000\374\000g\000g\000v\000\351\000n\000y\000\040\000\351\000s\000\040\000a\000\040\000v\000o\000n\000a\000l\000i\000n\000t\000e\000g\000r\000\341\000l\000\040\000k\000a\000p\000c\000s\000o\000l\000a\000t\000a}{section.3}% 19
\BOOKMARK [2][-]{subsection.3.4}{\376\377\000T\000a\000y\000l\000o\000r\000-\000s\000o\000r\000f\000e\000j\000t\000\351\000s\000\040\000k\000o\000m\000p\000l\000e\000x\000\040\000f\000\374\000g\000g\000v\000\351\000n\000y\000e\000k\000e\000n}{section.3}% 20
\BOOKMARK [2][-]{subsection.3.5}{\376\377\000E\000g\000y\000e\000n\000l\000e\000t\000e\000s\000\040\000k\000o\000n\000v\000e\000r\000g\000e\000n\000c\000i\000a}{section.3}% 21
\BOOKMARK [3][-]{subsubsection.3.5.1}{\376\377\000W\000e\000i\000e\000r\000s\000t\000r\000a\000s\000s\000-\000t\000\351\000t\000e\000l\000e\000\040\000k\000o\000m\000p\000l\000e\000x\000\040\000f\000\374\000g\000g\000v\000\351\000n\000y\000e\000k\000r\000e}{subsection.3.5}% 22
\BOOKMARK [3][-]{subsubsection.3.5.2}{\376\377\000E\000g\000\351\000s\000z\000\040\000f\000\374\000g\000g\000v\000\351\000n\000y\000e\000k\000,\000\040\000L\000i\000o\000u\000v\000i\000l\000l\000e\000\040\000t\000\351\000t\000e\000l\000e}{subsection.3.5}% 23
\BOOKMARK [2][-]{subsection.3.6}{\376\377\000A\000z\000\040\000a\000l\000g\000e\000b\000r\000a\000\040\000a\000l\000a\000p\000t\000\351\000t\000e\000l\000e}{section.3}% 24
\BOOKMARK [3][-]{subsubsection.3.6.1}{\376\377\000A\000z\000\040\000e\000x\000p\000o\000n\000e\000n\000c\000i\000\341\000l\000i\000s\000,\000\040\000a\000\040\000s\000z\000i\000n\000u\000s\000z\000\040\000\351\000s\000\040\000k\000o\000s\000z\000i\000n\000u\000s\000z\000\040\000f\000\374\000g\000g\000v\000\351\000n\000y\000e\000k\000\040\000k\000o\000m\000p\000l\000e\000x\000\040\000v\000\341\000l\000t\000o\000z\000\363\000k\000o\000n}{subsection.3.6}% 25
\BOOKMARK [2][-]{subsection.3.7}{\376\377\000I\000z\000o\000l\000\341\000l\000t\000\040\000s\000z\000i\000n\000g\000u\000l\000\341\000r\000i\000s\000\040\000p\000o\000n\000t\000o\000k\000,\000\040\000L\000a\000u\000r\000e\000n\000t\000-\000s\000o\000r\000f\000e\000j\000t\000\351\000s}{section.3}% 26
\BOOKMARK [3][-]{subsubsection.3.7.1}{\376\377\000A\000z\000\040\000i\000z\000o\000l\000\341\000l\000t\000\040\000s\000z\000i\000n\000g\000u\000l\000\341\000r\000i\000s\000\040\000p\000o\000n\000t\000o\000k\000\040\000o\000s\000z\000t\000\341\000l\000y\000o\000z\000\341\000s\000a}{subsection.3.7}% 27
\BOOKMARK [3][-]{subsubsection.3.7.2}{\376\377\000R\000e\000z\000i\000d\000u\000u\000m\000\040\000k\000i\000s\000z\000\341\000m\000\355\000t\000\341\000s\000a\000\040\000p\000\363\000l\000u\000s\000\040\000e\000s\000e\000t\000\351\000n}{subsection.3.7}% 28
\BOOKMARK [3][-]{subsubsection.3.7.3}{\376\377\000K\000o\000m\000p\000l\000e\000x\000\040\000f\000\374\000g\000g\000v\000\351\000n\000y\000e\000k\000\040\000i\000n\000v\000e\000r\000z\000e}{subsection.3.7}% 29
\BOOKMARK [2][-]{subsection.3.8}{\376\377\000K\000o\000n\000f\000o\000r\000m\000\040\000l\000e\000k\000\351\000p\000e\000z\000\351\000s\000e\000k}{section.3}% 30
\BOOKMARK [3][-]{subsubsection.3.8.1}{\376\377\000A\000l\000k\000a\000l\000m\000a\000z\000\341\000s\000\040\000\341\000r\000a\000m\000l\000\341\000s\000t\000a\000n\000i\000\040\000f\000e\000l\000a\000d\000a\000t\000o\000k\000r\000a}{subsection.3.8}% 31
\BOOKMARK [1][-]{section.4}{\376\377\000L\000e\000b\000e\000s\000g\000u\000e\000-\000i\000n\000t\000e\000g\000r\000\341\000l}{}% 32
\BOOKMARK [2][-]{subsection.4.1}{\376\377\000L\000\351\000p\000c\000s\001\121\000s\000\040\000f\000\374\000g\000g\000v\000\351\000n\000y\000e\000k\000\040\000i\000n\000t\000e\000g\000r\000\341\000l\000j\000a}{section.4}% 33
\BOOKMARK [3][-]{subsubsection.4.1.1}{\376\377\000A\000z\000\040\000i\000n\000t\000e\000g\000r\000\341\000l\000\040\000t\000u\000l\000a\000j\000d\000o\000n\000s\000\341\000g\000a\000i\000\040\000C\000\137\000\173\0001\000\175\000\040\000-\000b\000e\000n}{subsection.4.1}% 34
\BOOKMARK [2][-]{subsection.4.2}{\376\377\000I\000n\000t\000e\000g\000r\000\341\000l\000\341\000s\000\040\000a\000\040\000C\000\137\000\173\0002\000\175\000\040\000o\000s\000z\000t\000\341\000l\000y\000\341\000b\000a\000n}{section.4}% 35
\BOOKMARK [3][-]{subsubsection.4.2.1}{\376\377\000A\000\040\000C\000\137\000\173\0002\000\175\000\040\000-\000b\000e\000l\000i\000\040\000i\000n\000t\000e\000g\000r\000\341\000l\000\040\000t\000u\000l\000a\000j\000d\000o\000n\000s\000\341\000g\000a\000i\000:}{subsection.4.2}% 36
\BOOKMARK [3][-]{subsubsection.4.2.2}{\376\377\000L\000e\000b\000e\000s\000g\000u\000e\000\040\000t\000\351\000t\000e\000l}{subsection.4.2}% 37
\BOOKMARK [2][-]{subsection.4.3}{\376\377\000M\000\351\000r\000h\000e\000t\001\121\000\040\000f\000\374\000g\000g\000v\000\351\000n\000y\000e\000k}{section.4}% 38
\BOOKMARK [2][-]{subsection.4.4}{\376\377\000M\000\351\000r\000h\000e\000t\001\121\000\040\000h\000a\000l\000m\000a\000z\000o\000k\000,\000\040\000m\000\351\000r\000t\000\351\000k}{section.4}% 39
\BOOKMARK [3][-]{subsubsection.4.4.1}{\376\377\000I\000n\000t\000e\000g\000r\000\341\000l\000\341\000s\000\040\000m\000\351\000r\000h\000e\000t\001\121\000\040\000h\000a\000l\000m\000a\000z\000o\000k\000o\000n}{subsection.4.4}% 40
\BOOKMARK [4][-]{paragraph.4.4.1.1}{\376\377\000A\000\040\000L\000e\000b\000e\000s\000g\000u\000e\000\040\000\351\000s\000\040\000R\000i\000e\000m\000a\000n\000n\000\040\000i\000n\000t\000e\000g\000r\000\341\000l\000\040\000k\000a\000p\000c\000s\000o\000l\000a\000t\000a}{subsubsection.4.4.1}% 41
\BOOKMARK [3][-]{subsubsection.4.4.2}{\376\377\000A\000z\000\040\000L\000\136\000\173\0002\000\175\000\134\000l\000e\000f\000t\000\050\000\040\000M\000\040\000\134\000r\000i\000g\000h\000t\000\051\000\040\000f\000\374\000g\000g\000v\000\351\000n\000y\000t\000\351\000r}{subsection.4.4}% 42
\BOOKMARK [3][-]{subsubsection.4.4.3}{\376\377\000A\000z\000\040\000L\000\136\000\173\000p\000\175\000\134\000l\000e\000f\000t\000\050\000\040\000M\000\040\000\134\000r\000i\000g\000h\000t\000\051\000\040\000f\000\374\000g\000g\000v\000\351\000n\000y\000t\000\351\000r}{subsection.4.4}% 43
