\BOOKMARK [1][-]{section.1}{\376\377\000M\000e\000t\000r\000i\000k\000u\000s\000\040\000t\000\351\000r}{}% 1
\BOOKMARK [2][-]{subsection.1.1}{\376\377\000V\000e\000k\000t\000o\000r\000t\000\351\000r}{section.1}% 2
\BOOKMARK [2][-]{subsection.1.2}{\376\377\000N\000o\000r\000m\000\341\000l\000t\000\040\000t\000\351\000r}{section.1}% 3
\BOOKMARK [2][-]{subsection.1.3}{\376\377\000T\000o\000p\000o\000l\000\363\000g\000i\000a\000i\000\040\000a\000l\000a\000p\000f\000o\000g\000a\000l\000m\000a\000k\000\040\000a\000\040\000m\000e\000t\000r\000i\000k\000u\000s\000\040\000t\000\351\000r\000b\000e\000n}{section.1}% 4
\BOOKMARK [3][-]{subsubsection.1.3.1}{\376\377\000P\000o\000n\000t\000\040\000\351\000s\000\040\000h\000a\000l\000m\000a\000z\000\040\000v\000i\000s\000z\000o\000n\000y\000a}{subsection.1.3}% 5
\BOOKMARK [3][-]{subsubsection.1.3.2}{\376\377\000N\000y\000\355\000l\000t\000\040\000\351\000s\000\040\000z\000\341\000r\000t\000\040\000h\000a\000l\000m\000a\000z\000o\000k}{subsection.1.3}% 6
\BOOKMARK [1][-]{section.2}{\376\377\000S\000o\000r\000o\000z\000a\000t\000o\000k\000\040\000h\000a\000t\000\341\000r\000\351\000r\000t\000\351\000k\000e\000\040\000a\000\040\000m\000e\000t\000r\000i\000k\000u\000s\000\040\000t\000\351\000r\000b\000e\000n}{}% 7
\BOOKMARK [2][-]{subsection.2.1}{\376\377\000A\000\040\000l\000i\000m\000e\000s\000z\000\040\000t\000u\000l\000a\000j\000d\000o\000n\000s\000\341\000g\000a\000i}{section.2}% 8
\BOOKMARK [3][-]{subsubsection.2.1.1}{\376\377\000A\000\040\000l\000i\000m\000e\000s\000z\000\040\000m\001\161\000v\000e\000l\000e\000t\000i\000\040\000t\000u\000l\000a\000j\000d\000o\000n\000s\000\341\000g\000a\000i\000\040\000n\000o\000r\000m\000\341\000l\000t\000\040\000t\000e\000r\000e\000k\000b\000e\000n}{subsection.2.1}% 9
\BOOKMARK [4][-]{paragraph.2.1.1.1}{\376\377\000\326\000s\000s\000z\000e\000a\000d\000\341\000s}{subsubsection.2.1.1}% 10
\BOOKMARK [4][-]{paragraph.2.1.1.2}{\376\377\000S\000z\000o\000r\000z\000\341\000s}{subsubsection.2.1.1}% 11
\BOOKMARK [4][-]{paragraph.2.1.1.3}{\376\377\000O\000s\000z\000t\000\341\000s}{subsubsection.2.1.1}% 12
\BOOKMARK [3][-]{subsubsection.2.1.2}{\376\377\000Z\000\341\000r\000t\000\040\000h\000a\000l\000m\000a\000z\000o\000k\000\040\000j\000e\000l\000l\000e\000m\000z\000\351\000s\000e\000\040\000s\000o\000r\000o\000z\000a\000t\000o\000k\000k\000a\000l}{subsection.2.1}% 13
\BOOKMARK [4][-]{paragraph.2.1.2.1}{\376\377\000K\000o\000r\000l\000\341\000t\000o\000s\000\040\000\351\000s\000\040\000z\000\341\000r\000t\000\040\000h\000a\000l\000m\000a\000z\000o\000k\000,\000\040\000i\000l\000l\000e\000t\000v\000e\000\040\000s\000o\000r\000o\000z\000a\000t\000k\000o\000m\000p\000a\000k\000t\000\040\000h\000a\000l\000m\000a\000z\000o\000k}{subsubsection.2.1.2}% 14
\BOOKMARK [4][-]{paragraph.2.1.2.2}{\376\377\000C\000a\000u\000c\000h\000y\000-\000f\000\351\000l\000e\000\040\000k\000o\000n\000v\000e\000r\000g\000e\000n\000c\000i\000a\000-\000k\000r\000i\000t\000\351\000r\000i\000u\000m\000,\000\040\000t\000e\000l\000j\000e\000s\000s\000\351\000g}{subsubsection.2.1.2}% 15
\BOOKMARK [1][-]{section.3}{\376\377\000F\000\374\000g\000g\000v\000\351\000n\000y\000e\000k\000\040\000l\000i\000m\000e\000s\000z\000e\000\040\000\050\000h\000a\000t\000\341\000r\000\351\000r\000t\000\351\000k\000e\000\051}{}% 16
\BOOKMARK [2][-]{subsection.3.1}{\376\377\000\301\000t\000v\000i\000t\000e\000l\000i\000\040\000e\000l\000v}{section.3}% 17
\BOOKMARK [3][-]{subsubsection.3.1.1}{\376\377\000M\001\161\000v\000e\000l\000e\000t\000i\000\040\000s\000z\000a\000b\000\341\000l\000y\000o\000k}{subsection.3.1}% 18
\BOOKMARK [3][-]{subsubsection.3.1.2}{\376\377\000M\001\161\000v\000e\000l\000e\000t\000i\000\040\000s\000z\000a\000b\000\341\000l\000y\000o\000k\000\040\000f\000o\000l\000y\000t\000o\000n\000o\000s\000s\000\341\000g\000r\000a}{subsection.3.1}% 19
\BOOKMARK [3][-]{subsubsection.3.1.3}{\376\377\000A\000\040\000k\000o\000m\000p\000o\000z\000\355\000c\000i\000\363\000\040\000f\000\374\000g\000g\000v\000\351\000n\000y}{subsection.3.1}% 20
\BOOKMARK [3][-]{subsubsection.3.1.4}{\376\377\000I\000n\000v\000e\000r\000z\000\040\000f\000\374\000g\000g\000v\000\351\000n\000y\000\040\000f\000o\000l\000y\000t\000o\000n\000o\000s\000s\000\341\000g\000a}{subsection.3.1}% 21
\BOOKMARK [2][-]{subsection.3.2}{\376\377\000A\000\040\000f\000o\000l\000y\000t\000o\000n\000o\000s\000\040\000f\000\374\000g\000g\000v\000\351\000n\000y\000e\000k\000\040\000a\000l\000a\000p\000t\000u\000l\000a\000j\000d\000o\000n\000s\000\341\000g\000a\000i}{section.3}% 22
\BOOKMARK [3][-]{subsubsection.3.2.1}{\376\377\000B\000o\000l\000z\000a\000n\000o\000-\000t\000\351\000t\000e\000l\000\040\000m\000e\000t\000r\000i\000k\000u\000s\000\040\000t\000e\000r\000e\000k\000b\000e\000n}{subsection.3.2}% 23
\BOOKMARK [3][-]{subsubsection.3.2.2}{\376\377\000F\000\374\000g\000g\000v\000\351\000n\000y\000s\000o\000r\000o\000k\000\040\000\351\000s\000\040\000s\000o\000r\000o\000z\000a\000t\000o\000k\000\040\000e\000g\000y\000e\000n\000l\000e\000t\000e\000s\000\040\000k\000o\000n\000v\000e\000r\000g\000e\000n\000c\000i\000\341\000j\000a}{subsection.3.2}% 24
\BOOKMARK [2][-]{subsection.3.3}{\376\377\000H\000a\000t\000v\000\341\000n\000y\000s\000o\000r\000o\000k}{section.3}% 25
\BOOKMARK [1][-]{section.4}{\376\377\000D\000i\000f\000f\000e\000r\000e\000n\000c\000i\000\341\000l\000h\000a\000t\000\363\000s\000\341\000g}{}% 26
\BOOKMARK [2][-]{subsection.4.1}{\376\377\000L\000i\000n\000e\000\341\000r\000i\000s\000\040\000l\000e\000k\000\351\000p\000e\000z\000\351\000s\000e\000k}{section.4}% 27
\BOOKMARK [3][-]{subsubsection.4.1.1}{\376\377\000L\000i\000n\000e\000\341\000r\000i\000s\000\040\000l\000e\000k\000\351\000p\000e\000z\000\351\000s\000e\000k\000\040\000i\000n\000v\000e\000r\000z\000e}{subsection.4.1}% 28
\BOOKMARK [3][-]{subsubsection.4.1.2}{\376\377\000L\000i\000n\000e\000\341\000r\000i\000s\000\040\000\351\000s\000\040\000f\000o\000l\000y\000t\000o\000n\000o\000s\000\040\000o\000p\000e\000r\000\341\000t\000o\000r\000o\000k}{subsection.4.1}% 29
\BOOKMARK [2][-]{subsection.4.2}{\376\377\000A\000\040\000d\000e\000r\000i\000v\000\341\000l\000\341\000s\000\040\000m\001\161\000v\000e\000l\000e\000t\000e\000,\000\040\000m\001\161\000v\000e\000l\000e\000t\000i\000\040\000s\000z\000a\000b\000\341\000l\000y\000o\000k}{section.4}% 30
\BOOKMARK [2][-]{subsection.4.3}{\376\377\000D\000i\000f\000f\000e\000r\000e\000n\000c\000i\000\341\000l\000h\000a\000t\000\363\000s\000\341\000g\000\040\000\134\000l\000e\000f\000t\000.\000\040\000\173\000\134\000m\000a\000t\000h\000b\000b\000\173\000R\000\175\000\175\000\136\000\173\000n\000\175\000\134\000r\000i\000g\000h\000t\000a\000r\000r\000o\000w\000t\000a\000i\000l\000\173\000\134\000m\000a\000t\000h\000b\000b\000\173\000R\000\175\000\175\000\136\000\173\000m\000\175\000\040\000\134\000r\000i\000g\000h\000t\000.\000-\000b\000e\000n}{section.4}% 31
\BOOKMARK [3][-]{subsubsection.4.3.1}{\376\377\000E\000g\000y\000v\000\341\000l\000t\000o\000z\000\363\000s\000\040\000k\000i\000t\000\351\000r\000\351\000s}{subsection.4.3}% 32
\BOOKMARK [4][-]{paragraph.4.3.1.1}{\376\377\000L\000o\000k\000\341\000l\000i\000s\000\040\000n\000\366\000v\000e\000k\000e\000d\000\351\000s\000,\000\040\000f\000o\000g\000y\000\341\000s\000\040\040\023\000\040\000l\000o\000k\000\341\000l\000i\000s\000\040\000s\000z\000\351\000l\000s\001\121\000\351\000r\000t\000\351\000k}{subsubsection.4.3.1}% 33
\BOOKMARK [2][-]{subsection.4.4}{\376\377\000M\000o\000n\000o\000t\000o\000n\000\040\000n\000\366\000v\000e\000k\000e\000d\000\351\000s\000\040\000\351\000s\000\040\000f\000o\000g\000y\000\341\000s}{section.4}% 34
\BOOKMARK [2][-]{subsection.4.5}{\376\377\000M\000a\000g\000a\000s\000a\000b\000b\000r\000e\000n\000d\001\161\000\040\000d\000i\000f\000f\000e\000r\000e\000n\000c\000i\000\341\000l\000h\000a\000t\000\363\000s\000\341\000g}{section.4}% 35
\BOOKMARK [2][-]{subsection.4.6}{\376\377\000B\000i\000l\000i\000n\000e\000\341\000r\000i\000s\000\040\000o\000p\000e\000r\000\341\000t\000o\000r\000o\000k}{section.4}% 36
\BOOKMARK [2][-]{subsection.4.7}{\376\377\000M\000u\000l\000t\000i\000l\000i\000n\000e\000\341\000r\000i\000s\000\040\000l\000e\000k\000\351\000p\000e\000z\000\351\000s\000e\000k}{section.4}% 37
\BOOKMARK [3][-]{subsubsection.4.7.1}{\376\377\000A\000l\000k\000a\000l\000m\000a\000z\000\341\000s\000\040\000a\000\040\000m\000a\000g\000a\000s\000a\000b\000b\000r\000e\000n\000d\001\161\000\040\000d\000e\000r\000i\000v\000\341\000l\000t\000a\000k\000\040\000\351\000r\000t\000e\000l\000m\000e\000z\000\351\000s\000\351\000r\000e}{subsection.4.7}% 38
\BOOKMARK [3][-]{subsubsection.4.7.2}{\376\377\000A\000\040\000L\000a\000g\000r\000a\000n\000g\000e\000-\000f\000\351\000l\000e\000\040\000k\000\366\000z\000\351\000p\000\351\000r\000t\000\351\000k\000t\000\351\000t\000e\000l\000\040\000t\000\366\000b\000b\000v\000\341\000l\000t\000o\000z\000\363\000s\000\040\000f\000\374\000g\000g\000v\000\351\000n\000y\000e\000k\000r\000e}{subsection.4.7}% 39
\BOOKMARK [3][-]{subsubsection.4.7.3}{\376\377\000A\000l\000k\000a\000l\000m\000a\000z\000\341\000s}{subsection.4.7}% 40
\BOOKMARK [3][-]{subsubsection.4.7.4}{\376\377\000F\000\374\000g\000g\000v\000\351\000n\000y\000s\000o\000r\000o\000k\000\040\000\351\000s\000\040\000s\000o\000r\000o\000z\000a\000t\000o\000k\000\040\000\351\000s\000\040\000d\000e\000r\000i\000v\000\341\000l\000\341\000s\000a}{subsection.4.7}% 41
\BOOKMARK [3][-]{subsubsection.4.7.5}{\376\377\000L\000'\000\040\000H\000\364\000p\000i\000t\000a\000l\000\040\000s\000z\000a\000b\000\341\000l\000y}{subsection.4.7}% 42
\BOOKMARK [3][-]{subsubsection.4.7.6}{\376\377\000H\000a\000t\000v\000\341\000n\000y\000s\000o\000r\000o\000k\000\040\000i\000n\000t\000e\000g\000r\000\341\000l\000\341\000s\000a\000\040\000\351\000s\000\040\000d\000e\000r\000i\000v\000\341\000l\000\341\000s\000a}{subsection.4.7}% 43
\BOOKMARK [4][-]{paragraph.4.7.6.1}{\376\377\000T\000a\000y\000l\000o\000r\000-\000f\000o\000r\000m\000u\000l\000a}{subsubsection.4.7.6}% 44
\BOOKMARK [3][-]{subsubsection.4.7.7}{\376\377\000T\000a\000y\000l\000o\000r\000-\000f\000o\000r\000m\000u\000l\000a\000\040\000L\000a\000g\000r\000a\000n\000g\000e\000-\000f\000\351\000l\000e\000\040\000m\000a\000r\000a\000d\000\351\000k\000t\000a\000g\000g\000a\000l}{subsection.4.7}% 45
